<?xml version="1.0" encoding="UTF-8"?>
<!-- Generated by org.testng.reporters.JUnitReportReporter -->
<testsuite skipped="0" hostname="Sanjay" name="com.acti.Testcases.TC01_login" tests="3" failures="0" timestamp="17 Feb 2020 21:42:59 GMT" time="76.051" errors="0">
  <testcase name="testVerifyTitle" time="18.785" classname="com.acti.Testcases.TC01_login"/>
  <testcase name="testVerifyLogoDisplayed" time="40.873" classname="com.acti.Testcases.TC01_login"/>
  <testcase name="testValidateLoginFunction" time="16.393" classname="com.acti.Testcases.TC01_login"/>
</testsuite> <!-- com.acti.Testcases.TC01_login -->
